2017-09-21 21:01:37 [Tutorial-23]-[main]-[INFO] My First Apache Shiro Application
2017-09-21 21:01:37 [org.apache.shiro.io.ResourceUtils-159]-[main]-[DEBUG] Opening resource from class path [shiro.ini]
2017-09-21 21:01:37 [org.apache.shiro.config.Ini-342]-[main]-[DEBUG] Parsing [users]
2017-09-21 21:01:37 [org.apache.shiro.config.Ini-342]-[main]-[DEBUG] Parsing [roles]
2017-09-21 21:01:37 [org.apache.shiro.config.IniFactorySupport-122]-[main]-[DEBUG] Creating instance from Ini [sections=users,roles]
2017-09-21 21:01:37 [org.apache.shiro.realm.text.IniRealm-108]-[main]-[DEBUG] Discovered the [roles] section.  Processing...
2017-09-21 21:01:37 [org.apache.shiro.realm.text.IniRealm-114]-[main]-[DEBUG] Discovered the [users] section.  Processing...
2017-09-21 21:01:38 [org.apache.shiro.session.mgt.AbstractValidatingSessionManager-207]-[main]-[DEBUG] No sessionValidationScheduler set.  Attempting to create default instance.
2017-09-21 21:01:38 [org.apache.shiro.session.mgt.AbstractValidatingSessionManager-224]-[main]-[INFO] Enabling session validation scheduler...
2017-09-21 21:01:38 [org.apache.shiro.session.mgt.DefaultSessionManager-175]-[main]-[DEBUG] Creating new EIS record for new session instance [org.apache.shiro.session.mgt.SimpleSession,id=null]
2017-09-21 21:01:38 [Tutorial-40]-[main]-[INFO] Retrieved the correct value! [aValue]
2017-09-21 21:01:38 [org.apache.shiro.authc.credential.SimpleCredentialsMatcher-95]-[main]-[DEBUG] Performing credentials equality check for tokenCredentials of type [[C and accountCredentials of type [java.lang.String]
2017-09-21 21:01:38 [org.apache.shiro.authc.credential.SimpleCredentialsMatcher-101]-[main]-[DEBUG] Both credentials arguments can be easily converted to byte arrays.  Performing array equals comparison
2017-09-21 21:01:38 [org.apache.shiro.authc.AbstractAuthenticator-231]-[main]-[DEBUG] Authentication successful for token [org.apache.shiro.authc.UsernamePasswordToken - lonestarr, rememberMe=true].  Returned account [lonestarr]
2017-09-21 21:01:38 [org.apache.shiro.subject.support.DefaultSubjectContext-100]-[main]-[DEBUG] No SecurityManager available in subject context map.  Falling back to SecurityUtils.getSecurityManager() lookup.
2017-09-21 21:01:38 [org.apache.shiro.mgt.DefaultSecurityManager-374]-[main]-[DEBUG] Context already contains a session.  Returning.
2017-09-21 21:01:38 [org.apache.shiro.subject.support.DefaultSubjectContext-100]-[main]-[DEBUG] No SecurityManager available in subject context map.  Falling back to SecurityUtils.getSecurityManager() lookup.
2017-09-21 21:01:38 [Tutorial-65]-[main]-[INFO] User [lonestarr] logged in successfully.
2017-09-21 21:01:38 [Tutorial-69]-[main]-[INFO] May the Schwartz be with you!
2017-09-21 21:01:38 [Tutorial-76]-[main]-[INFO] You may use a lightsaber ring.  Use it wisely.
2017-09-21 21:01:38 [Tutorial-83]-[main]-[INFO] You are permitted to 'drive' the winnebago with license plate (id) 'eagle5'.  Here are the keys - have fun!
2017-09-21 21:01:38 [org.apache.shiro.mgt.DefaultSecurityManager-509]-[main]-[DEBUG] Logging out subject with primary principal {}lonestarr
2017-09-21 21:01:38 [org.apache.shiro.session.mgt.AbstractSessionManager-240]-[main]-[DEBUG] Stopping session with id [b5bf46d6-e0f2-4b91-8830-690313622b53]
2017-09-21 21:03:02 [Tutorial-23]-[main]-[INFO] My First Apache Shiro Application
2017-09-21 21:03:02 [org.apache.shiro.io.ResourceUtils-159]-[main]-[DEBUG] Opening resource from class path [shiro.ini]
2017-09-21 21:03:02 [org.apache.shiro.config.Ini-342]-[main]-[DEBUG] Parsing [users]
2017-09-21 21:03:02 [org.apache.shiro.config.Ini-342]-[main]-[DEBUG] Parsing [roles]
2017-09-21 21:03:02 [org.apache.shiro.config.IniFactorySupport-122]-[main]-[DEBUG] Creating instance from Ini [sections=users,roles]
2017-09-21 21:03:02 [org.apache.shiro.realm.text.IniRealm-108]-[main]-[DEBUG] Discovered the [roles] section.  Processing...
2017-09-21 21:03:02 [org.apache.shiro.realm.text.IniRealm-114]-[main]-[DEBUG] Discovered the [users] section.  Processing...
2017-09-21 21:03:02 [org.apache.shiro.session.mgt.AbstractValidatingSessionManager-207]-[main]-[DEBUG] No sessionValidationScheduler set.  Attempting to create default instance.
2017-09-21 21:03:02 [org.apache.shiro.session.mgt.AbstractValidatingSessionManager-224]-[main]-[INFO] Enabling session validation scheduler...
2017-09-21 21:03:02 [org.apache.shiro.session.mgt.DefaultSessionManager-175]-[main]-[DEBUG] Creating new EIS record for new session instance [org.apache.shiro.session.mgt.SimpleSession,id=null]
2017-09-21 21:03:02 [Tutorial-40]-[main]-[INFO] Retrieved the correct value! [aValue]
2017-09-21 21:03:02 [org.apache.shiro.authc.credential.SimpleCredentialsMatcher-95]-[main]-[DEBUG] Performing credentials equality check for tokenCredentials of type [[C and accountCredentials of type [java.lang.String]
2017-09-21 21:03:02 [org.apache.shiro.authc.credential.SimpleCredentialsMatcher-101]-[main]-[DEBUG] Both credentials arguments can be easily converted to byte arrays.  Performing array equals comparison
2017-09-21 21:03:02 [Tutorial-52]-[main]-[INFO] Password for account lonestarr was incorrect!
2017-09-21 21:03:02 [Tutorial-65]-[main]-[INFO] User [null] logged in successfully.
2017-09-21 21:03:02 [Tutorial-71]-[main]-[INFO] Hello, mere mortal.
2017-09-21 21:03:02 [Tutorial-78]-[main]-[INFO] Sorry, lightsaber rings are for schwartz masters only.
2017-09-21 21:03:02 [Tutorial-86]-[main]-[INFO] Sorry, you aren't allowed to drive the 'eagle5' winnebago!
2017-09-21 21:03:02 [org.apache.shiro.session.mgt.AbstractSessionManager-240]-[main]-[DEBUG] Stopping session with id [4e927de2-9dff-433e-be20-0c2a1af09ec7]
2017-09-21 21:03:27 [Tutorial-23]-[main]-[INFO] My First Apache Shiro Application
2017-09-21 21:03:27 [org.apache.shiro.io.ResourceUtils-159]-[main]-[DEBUG] Opening resource from class path [shiro.ini]
2017-09-21 21:03:27 [org.apache.shiro.config.Ini-342]-[main]-[DEBUG] Parsing [users]
2017-09-21 21:03:27 [org.apache.shiro.config.Ini-342]-[main]-[DEBUG] Parsing [roles]
2017-09-21 21:03:27 [org.apache.shiro.config.IniFactorySupport-122]-[main]-[DEBUG] Creating instance from Ini [sections=users,roles]
2017-09-21 21:03:27 [org.apache.shiro.realm.text.IniRealm-108]-[main]-[DEBUG] Discovered the [roles] section.  Processing...
2017-09-21 21:03:27 [org.apache.shiro.realm.text.IniRealm-114]-[main]-[DEBUG] Discovered the [users] section.  Processing...
2017-09-21 21:03:27 [org.apache.shiro.session.mgt.AbstractValidatingSessionManager-207]-[main]-[DEBUG] No sessionValidationScheduler set.  Attempting to create default instance.
2017-09-21 21:03:27 [org.apache.shiro.session.mgt.AbstractValidatingSessionManager-224]-[main]-[INFO] Enabling session validation scheduler...
2017-09-21 21:03:27 [org.apache.shiro.session.mgt.DefaultSessionManager-175]-[main]-[DEBUG] Creating new EIS record for new session instance [org.apache.shiro.session.mgt.SimpleSession,id=null]
2017-09-21 21:03:27 [Tutorial-40]-[main]-[INFO] Retrieved the correct value! [aValue]
2017-09-21 21:03:27 [org.apache.shiro.authc.credential.SimpleCredentialsMatcher-95]-[main]-[DEBUG] Performing credentials equality check for tokenCredentials of type [[C and accountCredentials of type [java.lang.String]
2017-09-21 21:03:27 [org.apache.shiro.authc.credential.SimpleCredentialsMatcher-101]-[main]-[DEBUG] Both credentials arguments can be easily converted to byte arrays.  Performing array equals comparison
2017-09-21 21:03:27 [Tutorial-52]-[main]-[ERROR] Password for account lonestarr was incorrect!
2017-09-21 21:03:27 [Tutorial-65]-[main]-[INFO] User [null] logged in successfully.
2017-09-21 21:03:27 [Tutorial-71]-[main]-[INFO] Hello, mere mortal.
2017-09-21 21:03:27 [Tutorial-78]-[main]-[INFO] Sorry, lightsaber rings are for schwartz masters only.
2017-09-21 21:03:27 [Tutorial-86]-[main]-[INFO] Sorry, you aren't allowed to drive the 'eagle5' winnebago!
2017-09-21 21:03:27 [org.apache.shiro.session.mgt.AbstractSessionManager-240]-[main]-[DEBUG] Stopping session with id [63e86d7b-7d35-4041-baa8-37b69fb31fdc]
2017-09-21 21:03:50 [Tutorial-23]-[main]-[INFO] My First Apache Shiro Application
2017-09-21 21:03:50 [org.apache.shiro.io.ResourceUtils-159]-[main]-[DEBUG] Opening resource from class path [shiro.ini]
2017-09-21 21:03:50 [org.apache.shiro.config.Ini-342]-[main]-[DEBUG] Parsing [users]
2017-09-21 21:03:50 [org.apache.shiro.config.Ini-342]-[main]-[DEBUG] Parsing [roles]
2017-09-21 21:03:50 [org.apache.shiro.config.IniFactorySupport-122]-[main]-[DEBUG] Creating instance from Ini [sections=users,roles]
2017-09-21 21:03:50 [org.apache.shiro.realm.text.IniRealm-108]-[main]-[DEBUG] Discovered the [roles] section.  Processing...
2017-09-21 21:03:50 [org.apache.shiro.realm.text.IniRealm-114]-[main]-[DEBUG] Discovered the [users] section.  Processing...
2017-09-21 21:03:50 [org.apache.shiro.session.mgt.AbstractValidatingSessionManager-207]-[main]-[DEBUG] No sessionValidationScheduler set.  Attempting to create default instance.
2017-09-21 21:03:50 [org.apache.shiro.session.mgt.AbstractValidatingSessionManager-224]-[main]-[INFO] Enabling session validation scheduler...
2017-09-21 21:03:50 [org.apache.shiro.session.mgt.DefaultSessionManager-175]-[main]-[DEBUG] Creating new EIS record for new session instance [org.apache.shiro.session.mgt.SimpleSession,id=null]
2017-09-21 21:03:50 [Tutorial-40]-[main]-[INFO] Retrieved the correct value! [aValue]
2017-09-21 21:03:50 [org.apache.shiro.authc.credential.SimpleCredentialsMatcher-95]-[main]-[DEBUG] Performing credentials equality check for tokenCredentials of type [[C and accountCredentials of type [java.lang.String]
2017-09-21 21:03:50 [org.apache.shiro.authc.credential.SimpleCredentialsMatcher-101]-[main]-[DEBUG] Both credentials arguments can be easily converted to byte arrays.  Performing array equals comparison
2017-09-21 21:03:50 [org.apache.shiro.authc.AbstractAuthenticator-231]-[main]-[DEBUG] Authentication successful for token [org.apache.shiro.authc.UsernamePasswordToken - lonestarr, rememberMe=true].  Returned account [lonestarr]
2017-09-21 21:03:50 [org.apache.shiro.subject.support.DefaultSubjectContext-100]-[main]-[DEBUG] No SecurityManager available in subject context map.  Falling back to SecurityUtils.getSecurityManager() lookup.
2017-09-21 21:03:50 [org.apache.shiro.mgt.DefaultSecurityManager-374]-[main]-[DEBUG] Context already contains a session.  Returning.
2017-09-21 21:03:50 [org.apache.shiro.subject.support.DefaultSubjectContext-100]-[main]-[DEBUG] No SecurityManager available in subject context map.  Falling back to SecurityUtils.getSecurityManager() lookup.
2017-09-21 21:03:50 [Tutorial-65]-[main]-[INFO] User [lonestarr] logged in successfully.
2017-09-21 21:03:50 [Tutorial-69]-[main]-[INFO] May the Schwartz be with you!
2017-09-21 21:03:50 [Tutorial-76]-[main]-[INFO] You may use a lightsaber ring.  Use it wisely.
2017-09-21 21:03:50 [Tutorial-83]-[main]-[INFO] You are permitted to 'drive' the winnebago with license plate (id) 'eagle5'.  Here are the keys - have fun!
2017-09-21 21:03:50 [org.apache.shiro.mgt.DefaultSecurityManager-509]-[main]-[DEBUG] Logging out subject with primary principal {}lonestarr
2017-09-21 21:03:50 [org.apache.shiro.session.mgt.AbstractSessionManager-240]-[main]-[DEBUG] Stopping session with id [8d614a49-6ccb-4683-8e8e-7acd381a1f44]
2017-09-21 21:06:03 [Tutorial-23]-[main]-[INFO] My First Apache Shiro Application
2017-09-21 21:06:03 [org.apache.shiro.io.ResourceUtils-159]-[main]-[DEBUG] Opening resource from class path [shiro.ini]
2017-09-21 21:06:03 [org.apache.shiro.config.Ini-342]-[main]-[DEBUG] Parsing [users]
2017-09-21 21:06:03 [org.apache.shiro.config.Ini-342]-[main]-[DEBUG] Parsing [roles]
2017-09-21 21:06:03 [org.apache.shiro.config.IniFactorySupport-122]-[main]-[DEBUG] Creating instance from Ini [sections=users,roles]
2017-09-21 21:06:04 [org.apache.shiro.realm.text.IniRealm-108]-[main]-[DEBUG] Discovered the [roles] section.  Processing...
2017-09-21 21:06:04 [org.apache.shiro.realm.text.IniRealm-114]-[main]-[DEBUG] Discovered the [users] section.  Processing...
2017-09-21 21:06:04 [org.apache.shiro.session.mgt.AbstractValidatingSessionManager-207]-[main]-[DEBUG] No sessionValidationScheduler set.  Attempting to create default instance.
2017-09-21 21:06:04 [org.apache.shiro.session.mgt.AbstractValidatingSessionManager-224]-[main]-[INFO] Enabling session validation scheduler...
2017-09-21 21:06:04 [org.apache.shiro.session.mgt.DefaultSessionManager-175]-[main]-[DEBUG] Creating new EIS record for new session instance [org.apache.shiro.session.mgt.SimpleSession,id=null]
2017-09-21 21:06:04 [Tutorial-40]-[main]-[INFO] Retrieved the correct value! [aValue]
2017-09-21 21:06:04 [org.apache.shiro.authc.credential.SimpleCredentialsMatcher-95]-[main]-[DEBUG] Performing credentials equality check for tokenCredentials of type [[C and accountCredentials of type [java.lang.String]
2017-09-21 21:06:04 [org.apache.shiro.authc.credential.SimpleCredentialsMatcher-101]-[main]-[DEBUG] Both credentials arguments can be easily converted to byte arrays.  Performing array equals comparison
2017-09-21 21:06:04 [org.apache.shiro.authc.AbstractAuthenticator-231]-[main]-[DEBUG] Authentication successful for token [org.apache.shiro.authc.UsernamePasswordToken - lonestarr, rememberMe=true].  Returned account [lonestarr]
2017-09-21 21:06:04 [org.apache.shiro.subject.support.DefaultSubjectContext-100]-[main]-[DEBUG] No SecurityManager available in subject context map.  Falling back to SecurityUtils.getSecurityManager() lookup.
2017-09-21 21:06:04 [org.apache.shiro.mgt.DefaultSecurityManager-374]-[main]-[DEBUG] Context already contains a session.  Returning.
2017-09-21 21:06:04 [org.apache.shiro.subject.support.DefaultSubjectContext-100]-[main]-[DEBUG] No SecurityManager available in subject context map.  Falling back to SecurityUtils.getSecurityManager() lookup.
2017-09-21 21:06:04 [Tutorial-65]-[main]-[INFO] User [lonestarr] logged in successfully.
2017-09-21 21:06:04 [Tutorial-69]-[main]-[INFO] May the Schwartz be with you!
2017-09-21 21:06:04 [Tutorial-76]-[main]-[INFO] You may use a lightsaber ring.  Use it wisely.
2017-09-21 21:06:04 [Tutorial-86]-[main]-[INFO] Sorry, you aren't allowed to drive the 'eagle5' winnebago!
2017-09-21 21:06:04 [org.apache.shiro.mgt.DefaultSecurityManager-509]-[main]-[DEBUG] Logging out subject with primary principal {}lonestarr
2017-09-21 21:06:04 [org.apache.shiro.session.mgt.AbstractSessionManager-240]-[main]-[DEBUG] Stopping session with id [a350a415-080b-4a95-a338-6e8902c1c294]
2017-09-21 21:13:55 [Tutorial-23]-[main]-[INFO] My First Apache Shiro Application
2017-09-21 21:13:55 [org.apache.shiro.io.ResourceUtils-159]-[main]-[DEBUG] Opening resource from class path [shiro.ini]
2017-09-21 21:13:55 [org.apache.shiro.config.Ini-342]-[main]-[DEBUG] Parsing [users]
2017-09-21 21:13:55 [org.apache.shiro.config.Ini-342]-[main]-[DEBUG] Parsing [roles]
2017-09-21 21:13:55 [org.apache.shiro.config.IniFactorySupport-122]-[main]-[DEBUG] Creating instance from Ini [sections=users,roles]
2017-09-21 21:13:55 [org.apache.shiro.realm.text.IniRealm-108]-[main]-[DEBUG] Discovered the [roles] section.  Processing...
2017-09-21 21:13:55 [org.apache.shiro.realm.text.IniRealm-114]-[main]-[DEBUG] Discovered the [users] section.  Processing...
2017-09-21 21:13:55 [org.apache.shiro.session.mgt.AbstractValidatingSessionManager-207]-[main]-[DEBUG] No sessionValidationScheduler set.  Attempting to create default instance.
2017-09-21 21:13:55 [org.apache.shiro.session.mgt.AbstractValidatingSessionManager-224]-[main]-[INFO] Enabling session validation scheduler...
2017-09-21 21:13:55 [org.apache.shiro.session.mgt.DefaultSessionManager-175]-[main]-[DEBUG] Creating new EIS record for new session instance [org.apache.shiro.session.mgt.SimpleSession,id=null]
2017-09-21 21:13:55 [Tutorial-40]-[main]-[INFO] Retrieved the correct value! [aValue]
2017-09-21 21:13:55 [org.apache.shiro.authc.credential.SimpleCredentialsMatcher-95]-[main]-[DEBUG] Performing credentials equality check for tokenCredentials of type [[C and accountCredentials of type [java.lang.String]
2017-09-21 21:13:55 [org.apache.shiro.authc.credential.SimpleCredentialsMatcher-101]-[main]-[DEBUG] Both credentials arguments can be easily converted to byte arrays.  Performing array equals comparison
2017-09-21 21:13:55 [org.apache.shiro.authc.AbstractAuthenticator-231]-[main]-[DEBUG] Authentication successful for token [org.apache.shiro.authc.UsernamePasswordToken - lonestarr, rememberMe=true].  Returned account [lonestarr]
2017-09-21 21:13:55 [org.apache.shiro.subject.support.DefaultSubjectContext-100]-[main]-[DEBUG] No SecurityManager available in subject context map.  Falling back to SecurityUtils.getSecurityManager() lookup.
2017-09-21 21:13:55 [org.apache.shiro.mgt.DefaultSecurityManager-374]-[main]-[DEBUG] Context already contains a session.  Returning.
2017-09-21 21:13:55 [org.apache.shiro.subject.support.DefaultSubjectContext-100]-[main]-[DEBUG] No SecurityManager available in subject context map.  Falling back to SecurityUtils.getSecurityManager() lookup.
2017-09-21 21:13:55 [Tutorial-65]-[main]-[INFO] User [lonestarr] logged in successfully.
2017-09-21 21:13:55 [Tutorial-69]-[main]-[INFO] May the Schwartz be with you!
2017-09-21 21:13:55 [Tutorial-76]-[main]-[INFO] You may use a lightsaber ring.  Use it wisely.
2017-09-21 21:13:55 [Tutorial-83]-[main]-[INFO] You are permitted to 'drive' the winnebago with license plate (id) 'eagle5'.  Here are the keys - have fun!
2017-09-21 21:13:55 [org.apache.shiro.mgt.DefaultSecurityManager-509]-[main]-[DEBUG] Logging out subject with primary principal {}lonestarr
2017-09-21 21:13:55 [org.apache.shiro.session.mgt.AbstractSessionManager-240]-[main]-[DEBUG] Stopping session with id [94f6f969-377c-4faf-926b-7e4eb58861fa]
2017-09-21 21:16:03 [Tutorial-23]-[main]-[INFO] My First Apache Shiro Application
2017-09-21 21:16:03 [org.apache.shiro.io.ResourceUtils-159]-[main]-[DEBUG] Opening resource from class path [shiro.ini]
2017-09-21 21:16:03 [org.apache.shiro.config.Ini-342]-[main]-[DEBUG] Parsing [users]
2017-09-21 21:16:03 [org.apache.shiro.config.Ini-342]-[main]-[DEBUG] Parsing [roles]
2017-09-21 21:16:03 [org.apache.shiro.config.IniFactorySupport-122]-[main]-[DEBUG] Creating instance from Ini [sections=users,roles]
2017-09-21 21:16:03 [org.apache.shiro.realm.text.IniRealm-108]-[main]-[DEBUG] Discovered the [roles] section.  Processing...
2017-09-21 21:16:03 [org.apache.shiro.realm.text.IniRealm-114]-[main]-[DEBUG] Discovered the [users] section.  Processing...
2017-09-21 21:16:03 [org.apache.shiro.session.mgt.AbstractValidatingSessionManager-207]-[main]-[DEBUG] No sessionValidationScheduler set.  Attempting to create default instance.
2017-09-21 21:16:03 [org.apache.shiro.session.mgt.AbstractValidatingSessionManager-224]-[main]-[INFO] Enabling session validation scheduler...
2017-09-21 21:16:03 [org.apache.shiro.session.mgt.DefaultSessionManager-175]-[main]-[DEBUG] Creating new EIS record for new session instance [org.apache.shiro.session.mgt.SimpleSession,id=null]
2017-09-21 21:16:03 [Tutorial-40]-[main]-[INFO] Retrieved the correct value! [aValue]
2017-09-21 21:16:03 [org.apache.shiro.authc.credential.SimpleCredentialsMatcher-95]-[main]-[DEBUG] Performing credentials equality check for tokenCredentials of type [[C and accountCredentials of type [java.lang.String]
2017-09-21 21:16:03 [org.apache.shiro.authc.credential.SimpleCredentialsMatcher-101]-[main]-[DEBUG] Both credentials arguments can be easily converted to byte arrays.  Performing array equals comparison
2017-09-21 21:16:03 [org.apache.shiro.authc.AbstractAuthenticator-231]-[main]-[DEBUG] Authentication successful for token [org.apache.shiro.authc.UsernamePasswordToken - lonestarr, rememberMe=true].  Returned account [lonestarr]
2017-09-21 21:16:03 [org.apache.shiro.subject.support.DefaultSubjectContext-100]-[main]-[DEBUG] No SecurityManager available in subject context map.  Falling back to SecurityUtils.getSecurityManager() lookup.
2017-09-21 21:16:03 [org.apache.shiro.mgt.DefaultSecurityManager-374]-[main]-[DEBUG] Context already contains a session.  Returning.
2017-09-21 21:16:03 [org.apache.shiro.subject.support.DefaultSubjectContext-100]-[main]-[DEBUG] No SecurityManager available in subject context map.  Falling back to SecurityUtils.getSecurityManager() lookup.
2017-09-21 21:16:03 [Tutorial-65]-[main]-[INFO] User [lonestarr] logged in successfully.
2017-09-21 21:16:03 [Tutorial-69]-[main]-[INFO] May the Schwartz be with you!
2017-09-21 21:16:03 [Tutorial-76]-[main]-[INFO] You may use a lightsaber ring.  Use it wisely.
2017-09-21 21:16:03 [Tutorial-83]-[main]-[INFO] You are permitted to 'drive' the winnebago with license plate (id) 'eagle5'.  Here are the keys - have fun!
2017-09-21 21:16:03 [org.apache.shiro.mgt.DefaultSecurityManager-509]-[main]-[DEBUG] Logging out subject with primary principal {}lonestarr
2017-09-21 21:16:03 [org.apache.shiro.session.mgt.AbstractSessionManager-240]-[main]-[DEBUG] Stopping session with id [3057a019-1b7f-47bd-bc11-508deede49c0]
2017-09-21 21:22:01 [com.ls.Quickstart-24]-[main]-[INFO] My First Apache Shiro Application
2017-09-21 21:22:01 [org.apache.shiro.io.ResourceUtils-159]-[main]-[DEBUG] Opening resource from class path [shiro.ini]
2017-09-21 21:22:01 [org.apache.shiro.config.Ini-342]-[main]-[DEBUG] Parsing [users]
2017-09-21 21:22:01 [org.apache.shiro.config.Ini-342]-[main]-[DEBUG] Parsing [roles]
2017-09-21 21:22:01 [org.apache.shiro.config.IniFactorySupport-122]-[main]-[DEBUG] Creating instance from Ini [sections=users,roles]
2017-09-21 21:22:01 [org.apache.shiro.realm.text.IniRealm-108]-[main]-[DEBUG] Discovered the [roles] section.  Processing...
2017-09-21 21:22:01 [org.apache.shiro.realm.text.IniRealm-114]-[main]-[DEBUG] Discovered the [users] section.  Processing...
2017-09-21 21:22:01 [org.apache.shiro.session.mgt.AbstractValidatingSessionManager-207]-[main]-[DEBUG] No sessionValidationScheduler set.  Attempting to create default instance.
2017-09-21 21:22:01 [org.apache.shiro.session.mgt.AbstractValidatingSessionManager-224]-[main]-[INFO] Enabling session validation scheduler...
2017-09-21 21:22:01 [org.apache.shiro.session.mgt.DefaultSessionManager-175]-[main]-[DEBUG] Creating new EIS record for new session instance [org.apache.shiro.session.mgt.SimpleSession,id=null]
2017-09-21 21:22:01 [com.ls.Quickstart-41]-[main]-[INFO] Retrieved the correct value! [aValue]
2017-09-21 21:22:01 [org.apache.shiro.authc.credential.SimpleCredentialsMatcher-95]-[main]-[DEBUG] Performing credentials equality check for tokenCredentials of type [[C and accountCredentials of type [java.lang.String]
2017-09-21 21:22:01 [org.apache.shiro.authc.credential.SimpleCredentialsMatcher-101]-[main]-[DEBUG] Both credentials arguments can be easily converted to byte arrays.  Performing array equals comparison
2017-09-21 21:22:01 [org.apache.shiro.authc.AbstractAuthenticator-231]-[main]-[DEBUG] Authentication successful for token [org.apache.shiro.authc.UsernamePasswordToken - lonestarr, rememberMe=true].  Returned account [lonestarr]
2017-09-21 21:22:01 [org.apache.shiro.subject.support.DefaultSubjectContext-100]-[main]-[DEBUG] No SecurityManager available in subject context map.  Falling back to SecurityUtils.getSecurityManager() lookup.
2017-09-21 21:22:01 [org.apache.shiro.mgt.DefaultSecurityManager-374]-[main]-[DEBUG] Context already contains a session.  Returning.
2017-09-21 21:22:01 [org.apache.shiro.subject.support.DefaultSubjectContext-100]-[main]-[DEBUG] No SecurityManager available in subject context map.  Falling back to SecurityUtils.getSecurityManager() lookup.
2017-09-21 21:22:01 [com.ls.Quickstart-66]-[main]-[INFO] User [lonestarr] logged in successfully.
2017-09-21 21:22:01 [com.ls.Quickstart-70]-[main]-[INFO] May the Schwartz be with you!
2017-09-21 21:22:01 [com.ls.Quickstart-77]-[main]-[INFO] You may use a lightsaber ring.  Use it wisely.
2017-09-21 21:22:01 [com.ls.Quickstart-84]-[main]-[INFO] You are permitted to 'drive' the winnebago with license plate (id) 'eagle5'.  Here are the keys - have fun!
2017-09-21 21:22:01 [org.apache.shiro.mgt.DefaultSecurityManager-509]-[main]-[DEBUG] Logging out subject with primary principal {}lonestarr
2017-09-21 21:22:01 [org.apache.shiro.session.mgt.AbstractSessionManager-240]-[main]-[DEBUG] Stopping session with id [7b935c06-9405-45bb-92a7-e505d2c6f509]
